TN:
SF:src\cs_discount_validation.js
FN:7,saveRecord
FNF:1
FNH:1
FNDA:4,saveRecord
DA:1,1
DA:2,1
DA:3,1
DA:4,1
DA:5,1
DA:6,1
DA:7,1
DA:8,4
DA:9,4
DA:10,4
DA:11,4
DA:12,4
DA:13,4
DA:14,4
DA:15,4
DA:16,4
DA:17,1
DA:18,1
DA:19,1
DA:20,1
DA:21,1
DA:22,1
DA:23,1
DA:24,2
DA:25,2
DA:26,2
DA:27,4
DA:28,1
DA:29,1
DA:30,4
DA:31,1
DA:32,1
DA:33,1
DA:34,1
DA:35,1
LF:35
LH:35
BRDA:5,0,0,1
BRDA:7,1,0,4
BRDA:11,2,0,1
BRDA:12,3,0,1
BRDA:16,4,0,1
BRDA:23,5,0,2
BRDA:27,6,0,1
BRF:7
BRH:7
end_of_record
TN:
SF:src\mr_invoice_memo.js
FN:7,getInputData
FN:25,map
FN:51,summarize
FNF:3
FNH:3
FNDA:2,getInputData
FNDA:2,map
FNDA:2,summarize
DA:1,1
DA:2,1
DA:3,1
DA:4,1
DA:5,1
DA:6,1
DA:7,1
DA:8,2
DA:9,2
DA:10,2
DA:11,2
DA:12,2
DA:13,2
DA:14,2
DA:15,2
DA:16,2
DA:17,2
DA:18,2
DA:19,2
DA:20,2
DA:21,1
DA:22,1
DA:23,2
DA:24,1
DA:25,1
DA:26,2
DA:27,2
DA:28,2
DA:29,2
DA:30,2
DA:31,2
DA:32,2
DA:33,2
DA:34,2
DA:35,2
DA:36,2
DA:37,2
DA:38,2
DA:39,2
DA:40,2
DA:41,2
DA:42,2
DA:43,2
DA:44,2
DA:45,2
DA:46,2
DA:47,1
DA:48,1
DA:49,2
DA:50,1
DA:51,1
DA:52,2
DA:53,2
DA:54,2
DA:55,2
DA:56,1
DA:57,1
DA:58,2
DA:59,2
DA:60,1
DA:61,1
DA:62,2
DA:63,1
DA:64,1
DA:65,1
DA:66,1
DA:67,1
DA:68,1
DA:69,1
LF:69
LH:69
BRDA:5,0,0,1
BRDA:7,1,0,2
BRDA:20,2,0,1
BRDA:25,3,0,2
BRDA:46,4,0,1
BRDA:51,5,0,2
BRDA:59,6,0,1
BRDA:55,7,0,1
BRF:8
BRH:8
end_of_record
TN:
SF:src\ue_customer_validation.js
FN:7,beforeSubmit
FNF:1
FNH:1
FNDA:3,beforeSubmit
DA:1,1
DA:2,1
DA:3,1
DA:4,1
DA:5,1
DA:6,1
DA:7,1
DA:8,3
DA:9,3
DA:10,1
DA:11,1
DA:12,2
DA:13,2
DA:14,2
DA:15,2
DA:16,2
DA:17,2
DA:18,2
DA:19,3
DA:20,1
DA:21,1
DA:22,1
DA:23,1
DA:24,1
DA:25,1
DA:26,1
DA:27,1
DA:28,1
DA:29,1
DA:30,1
DA:31,1
DA:32,1
DA:33,1
DA:34,1
DA:35,1
DA:36,1
DA:37,1
DA:38,1
DA:39,1
DA:40,1
DA:41,1
DA:42,1
DA:43,3
DA:44,1
DA:45,1
DA:46,3
DA:47,1
DA:48,1
DA:49,1
DA:50,1
DA:51,1
LF:51
LH:51
BRDA:5,0,0,1
BRDA:7,1,0,3
BRDA:9,2,0,1
BRDA:11,3,0,2
BRDA:19,4,0,1
BRDA:43,5,0,1
BRF:6
BRH:6
end_of_record
